<?xml version="1.0" encoding="UTF-8"?>
<testsuite name="Add Assignment test"
           tests="24"
           failures="0"
           errors="0"
           skipped="0"
           time="74.621">
  <properties />
  
  
            <testcase name="TMSTest" time="2.201" classname="tmsDemo" />
                <testcase name="TMSTest" time="2.201" classname="tmsDemo" />
                <testcase name="TMSTest" time="2.209" classname="tmsDemo" />
                <testcase name="TMSTest" time="0.113" classname="tmsDemo" />
                <testcase name="TMSTest" time="2.322" classname="tmsDemo" />
                <testcase name="TMSTest" time="5.420" classname="tmsDemo" />
                <testcase name="TMSTest" time="7.245" classname="tmsDemo" />
                <testcase name="TMSTest" time="2.228" classname="tmsDemo" />
                <testcase name="TMSTest" time="0.128" classname="tmsDemo" />
                <testcase name="TMSTest" time="0.682" classname="tmsDemo" />
                <testcase name="TMSTest" time="0.284" classname="tmsDemo" />
                <testcase name="TMSTest" time="2.110" classname="tmsDemo" />
                <testcase name="TMSTest" time="0.094" classname="tmsDemo" />
                <testcase name="TMSTest" time="0.081" classname="tmsDemo" />
                <testcase name="TMSTest" time="0.217" classname="tmsDemo" />
                <testcase name="TMSTest" time="0.202" classname="tmsDemo" />
                <testcase name="TMSTest" time="0.000" classname="tmsDemo" />
                <testcase name="TMSTest" time="2.069" classname="tmsDemo" />
                <testcase name="TMSTest" time="3.525" classname="tmsDemo" />
                <testcase name="TMSTest" time="16.828" classname="tmsDemo" />
                <testcase name="TMSTest" time="7.866" classname="tmsDemo" />
                <testcase name="TMSTest" time="16.127" classname="tmsDemo" />
                <testcase name="TMSTest" time="0.222" classname="tmsDemo" />
                <testcase name="TMSTest" time="0.247" classname="tmsDemo" />
      
</testsuite>
