<?xml version="1.0" encoding="UTF-8"?>
<testsuite name="Add Assignment test"
           tests="24"
           failures="0"
           errors="0"
           skipped="0"
           time="66.259">
  <properties />
  
  
            <testcase name="TMSTest" time="0.588" classname="tmsDemo" />
                <testcase name="TMSTest" time="0.255" classname="tmsDemo" />
                <testcase name="TMSTest" time="16.038" classname="tmsDemo" />
                <testcase name="TMSTest" time="0.182" classname="tmsDemo" />
                <testcase name="TMSTest" time="0.400" classname="tmsDemo" />
                <testcase name="TMSTest" time="0.548" classname="tmsDemo" />
                <testcase name="TMSTest" time="2.169" classname="tmsDemo" />
                <testcase name="TMSTest" time="3.937" classname="tmsDemo" />
                <testcase name="TMSTest" time="2.098" classname="tmsDemo" />
                <testcase name="TMSTest" time="2.194" classname="tmsDemo" />
                <testcase name="TMSTest" time="0.155" classname="tmsDemo" />
                <testcase name="TMSTest" time="0.345" classname="tmsDemo" />
                <testcase name="TMSTest" time="4.152" classname="tmsDemo" />
                <testcase name="TMSTest" time="3.159" classname="tmsDemo" />
                <testcase name="TMSTest" time="0.193" classname="tmsDemo" />
                <testcase name="TMSTest" time="4.168" classname="tmsDemo" />
                <testcase name="TMSTest" time="0.266" classname="tmsDemo" />
                <testcase name="TMSTest" time="3.014" classname="tmsDemo" />
                <testcase name="TMSTest" time="2.185" classname="tmsDemo" />
                <testcase name="TMSTest" time="2.170" classname="tmsDemo" />
                <testcase name="TMSTest" time="10.797" classname="tmsDemo" />
                <testcase name="TMSTest" time="0.000" classname="tmsDemo" />
                <testcase name="TMSTest" time="4.949" classname="tmsDemo" />
                <testcase name="TMSTest" time="2.297" classname="tmsDemo" />
      
</testsuite>
